  main.cpp
C:\Users\7950\source\repos\Graph\Header.h(476,15): warning C4244: =: преобразование "float" в "int", возможна потеря данных
C:\Users\7950\source\repos\Graph\Header.h(477,15): warning C4244: =: преобразование "float" в "int", возможна потеря данных
C:\Users\7950\source\repos\Graph\Header.h(518,20): warning C4018: <: несоответствие типов со знаком и без знака
C:\Users\7950\source\repos\Graph\Header.h(285,20): warning C4018: <: несоответствие типов со знаком и без знака
C:\Users\7950\source\repos\Graph\Header.h(284): message : во время компиляции функции-члена класс шаблон "int Graph<int>::GetVertPos(const T &)"
          with
          [
              T=int
          ]
C:\Users\7950\source\repos\Graph\Header.h(141): message : выполняется компиляция ссылки на экземпляр шаблон функции "int Graph<int>::GetVertPos(const T &)"
          with
          [
              T=int
          ]
C:\Users\7950\source\repos\Graph\Header.h(295): message : во время компиляции функции-члена класс шаблон "Graph<int>::Graph(void)"
C:\Users\7950\source\repos\Graph\Header.h(312): message : выполняется компиляция ссылки на экземпляр шаблон функции "Graph<int>::Graph(void)"
C:\Users\7950\source\repos\Graph\Header.h(312): message : выполняется компиляция ссылки на экземпляр класс шаблон функции "Graph<int>"
C:\Users\7950\source\repos\Graph\Header.h(40,20): warning C4018: <: несоответствие типов со знаком и без знака
C:\Users\7950\source\repos\Graph\Header.h(39): message : во время компиляции функции-члена класс шаблон "int Graph<int>::Dijkstra(T &)"
          with
          [
              T=int
          ]
C:\Users\7950\source\repos\Graph\Header.h(184): message : выполняется компиляция ссылки на экземпляр шаблон функции "int Graph<int>::Dijkstra(T &)"
          with
          [
              T=int
          ]
C:\Users\7950\source\repos\Graph\Header.h(42,20): warning C4018: <: несоответствие типов со знаком и без знака
C:\Users\7950\source\repos\Graph\Header.h(43,21): warning C4018: <: несоответствие типов со знаком и без знака
C:\Users\7950\source\repos\Graph\Header.h(52,20): warning C4018: <: несоответствие типов со знаком и без знака
C:\Users\7950\source\repos\Graph\Header.h(64,20): warning C4018: <: несоответствие типов со знаком и без знака
C:\Users\7950\source\repos\Graph\Header.h(71,20): warning C4018: <: несоответствие типов со знаком и без знака
C:\Users\7950\source\repos\Graph\Header.h(80,21): warning C4018: <: несоответствие типов со знаком и без знака
C:\Users\7950\source\repos\Graph\Header.h(98,21): warning C4018: <: несоответствие типов со знаком и без знака
C:\Users\7950\source\repos\Graph\Header.h(110,46): warning C4018: <: несоответствие типов со знаком и без знака
C:\Users\7950\source\repos\Graph\Header.h(120,20): warning C4018: <: несоответствие типов со знаком и без знака
C:\Users\7950\source\repos\Graph\Header.h(118): message : во время компиляции функции-члена класс шаблон "bool Graph<int>::AllVisited(bool *)"
C:\Users\7950\source\repos\Graph\Header.h(75): message : выполняется компиляция ссылки на экземпляр шаблон функции "bool Graph<int>::AllVisited(bool *)"
C:\Users\7950\source\repos\Graph\Header.h(284): message : во время компиляции функции-члена класс шаблон "int Graph<int>::GetVertPos(const T &)"
          with
          [
              T=int
          ]
C:\Users\7950\source\repos\Graph\Header.h(141): message : выполняется компиляция ссылки на экземпляр шаблон функции "int Graph<int>::GetVertPos(const T &)"
          with
          [
              T=int
          ]
C:\Users\7950\source\repos\Graph\Header.h(448): warning C4715: makeGraph: значение возвращается не при всех путях выполнения
C:\Users\7950\source\repos\Graph\Header.h(114): warning C4715: Graph<int>::Dijkstra: значение возвращается не при всех путях выполнения
  Graph_v.1.1.vcxproj -> C:\Users\7950\Header.h\repos\Graph\Header.h\Graph.exe
