  Лаб. 32.cpp
C:\Users\79504\Desktop\Готовая 32\123\Лаб. 31\Лаб. 32.cpp(95,21): warning C4018: <: несоответствие типов со знаком и без знака
C:\Users\79504\Desktop\Готовая 32\123\Лаб. 31\Лаб. 32.cpp(98,22): warning C4018: <: несоответствие типов со знаком и без знака
C:\Users\79504\Desktop\Готовая 32\123\Лаб. 31\Лаб. 32.cpp(148,20): warning C4018: <: несоответствие типов со знаком и без знака
C:\Users\79504\Desktop\Готовая 32\123\Лаб. 31\Лаб. 32.cpp(149,21): warning C4018: <: несоответствие типов со знаком и без знака
C:\Users\79504\Desktop\Готовая 32\123\Лаб. 31\Лаб. 32.cpp(180,25): warning C4305: аргумент: усечение из "double" в "GLfloat"
C:\Users\79504\Desktop\Готовая 32\123\Лаб. 31\Лаб. 32.cpp(195,25): warning C4244: аргумент: преобразование "double" в "GLint", возможна потеря данных
C:\Users\79504\Desktop\Готовая 32\123\Лаб. 31\Лаб. 32.cpp(196,20): warning C4018: <: несоответствие типов со знаком и без знака
C:\Users\79504\Desktop\Готовая 32\123\Лаб. 31\Лаб. 32.cpp(202,25): warning C4305: аргумент: усечение из "double" в "GLfloat"
C:\Users\79504\Desktop\Готовая 32\123\Лаб. 31\Лаб. 32.cpp(217,25): warning C4244: аргумент: преобразование "double" в "GLint", возможна потеря данных
C:\Users\79504\Desktop\Готовая 32\123\Лаб. 31\Лаб. 32.cpp(218,20): warning C4018: <: несоответствие типов со знаком и без знака
C:\Users\79504\Desktop\Готовая 32\123\Лаб. 31\Лаб. 32.cpp(224,25): warning C4305: аргумент: усечение из "double" в "GLfloat"
C:\Users\79504\Desktop\Готовая 32\123\Лаб. 31\Лаб. 32.cpp(239,25): warning C4244: аргумент: преобразование "double" в "GLint", возможна потеря данных
C:\Users\79504\Desktop\Готовая 32\123\Лаб. 31\Лаб. 32.cpp(240,20): warning C4018: <: несоответствие типов со знаком и без знака
C:\Users\79504\Desktop\Готовая 32\123\Лаб. 31\Лаб. 32.cpp(246,25): warning C4305: аргумент: усечение из "double" в "GLfloat"
C:\Users\79504\Desktop\Готовая 32\123\Лаб. 31\Лаб. 32.cpp(261,25): warning C4244: аргумент: преобразование "double" в "GLint", возможна потеря данных
C:\Users\79504\Desktop\Готовая 32\123\Лаб. 31\Лаб. 32.cpp(262,20): warning C4018: <: несоответствие типов со знаком и без знака
C:\Users\79504\Desktop\Готовая 32\123\Лаб. 31\Лаб. 32.cpp(268,25): warning C4305: аргумент: усечение из "double" в "GLfloat"
C:\Users\79504\Desktop\Готовая 32\123\Лаб. 31\Лаб. 32.cpp(283,25): warning C4244: аргумент: преобразование "double" в "GLint", возможна потеря данных
C:\Users\79504\Desktop\Готовая 32\123\Лаб. 31\Лаб. 32.cpp(284,20): warning C4018: <: несоответствие типов со знаком и без знака
C:\Users\79504\Desktop\Готовая 32\123\Лаб. 31\Лаб. 32.cpp(290,25): warning C4305: аргумент: усечение из "double" в "GLfloat"
C:\Users\79504\Desktop\Готовая 32\123\Лаб. 31\Лаб. 32.cpp(305,25): warning C4244: аргумент: преобразование "double" в "GLint", возможна потеря данных
C:\Users\79504\Desktop\Готовая 32\123\Лаб. 31\Лаб. 32.cpp(306,20): warning C4018: <: несоответствие типов со знаком и без знака
C:\Users\79504\Desktop\Готовая 32\123\Лаб. 31\Лаб. 32.cpp(355,11): warning C4244: инициализация: преобразование "int" в "float", возможна потеря данных
C:\Users\79504\Desktop\Готовая 32\123\Лаб. 31\Лаб. 32.cpp(356,11): warning C4244: инициализация: преобразование "int" в "float", возможна потеря данных
C:\Users\79504\Desktop\Готовая 32\123\Лаб. 31\Лаб. 32.cpp(360,10): warning C4244: =: преобразование "float" в "int", возможна потеря данных
C:\Users\79504\Desktop\Готовая 32\123\Лаб. 31\Лаб. 32.cpp(361,10): warning C4244: =: преобразование "float" в "int", возможна потеря данных
C:\Users\79504\Desktop\Готовая 32\123\Лаб. 31\Лаб. 32.cpp(365,17): warning C4244: аргумент: преобразование "int" в "GLfloat", возможна потеря данных
C:\Users\79504\Desktop\Готовая 32\123\Лаб. 31\Лаб. 32.cpp(365,13): warning C4244: аргумент: преобразование "int" в "GLfloat", возможна потеря данных
C:\Users\79504\Desktop\Готовая 32\123\Лаб. 31\Лаб. 32.cpp(396,9): warning C4244: инициализация: преобразование "float" в "int", возможна потеря данных
C:\Users\79504\Desktop\Готовая 32\123\Лаб. 31\Лаб. 32.cpp(397,9): warning C4244: инициализация: преобразование "float" в "int", возможна потеря данных
C:\Users\79504\Desktop\Готовая 32\123\Лаб. 31\Лаб. 32.cpp(543,20): warning C4018: <: несоответствие типов со знаком и без знака
C:\Users\79504\Desktop\Готовая 32\123\Лаб. 31\Лаб. 32.cpp(548,20): warning C4018: <: несоответствие типов со знаком и без знака
C:\Users\79504\Desktop\Готовая 32\123\Лаб. 31\Лаб. 32.cpp(556,20): warning C4018: <: несоответствие типов со знаком и без знака
C:\Users\79504\Desktop\Готовая 32\123\Лаб. 31\Лаб. 32.cpp(667,27): warning C4018: <: несоответствие типов со знаком и без знака
  Лаб. 31.vcxproj -> C:\Users\79504\Desktop\Готовая 32\123\Debug\Лаб. 31.exe
